<?xml version="1.0" encoding="UTF-8"?>
<testsuite xmlns:xsi="http://www.w3.org/2001/XMLSchema-instance" xsi:noNamespaceSchemaLocation="https://maven.apache.org/surefire/maven-surefire-plugin/xsd/surefire-test-report-3.0.xsd" version="3.0" name="com.yrgo.integrationtests.CustomerManagementIntegrationTest" time="1.157" tests="2" errors="0" skipped="0" failures="0">
  <properties>
    <property name="java.specification.version" value="21"/>
    <property name="sun.jnu.encoding" value="UTF-8"/>
    <property name="java.class.path" value="/Users/poya/javaEnterprise/server_programming_del2/CRM System/target/test-classes:/Users/poya/javaEnterprise/server_programming_del2/CRM System/target/classes:/Users/poya/.m2/repository/org/springframework/spring-context/5.3.28/spring-context-5.3.28.jar:/Users/poya/.m2/repository/org/springframework/spring-aop/5.3.28/spring-aop-5.3.28.jar:/Users/poya/.m2/repository/org/springframework/spring-beans/5.3.28/spring-beans-5.3.28.jar:/Users/poya/.m2/repository/org/springframework/spring-expression/5.3.28/spring-expression-5.3.28.jar:/Users/poya/.m2/repository/org/springframework/spring-core/5.3.28/spring-core-5.3.28.jar:/Users/poya/.m2/repository/org/springframework/spring-jcl/5.3.28/spring-jcl-5.3.28.jar:/Users/poya/.m2/repository/hsqldb/hsqldb/1.8.0.10/hsqldb-1.8.0.10.jar:/Users/poya/.m2/repository/org/springframework/spring-jdbc/5.3.14/spring-jdbc-5.3.14.jar:/Users/poya/.m2/repository/org/springframework/spring-tx/5.3.14/spring-tx-5.3.14.jar:/Users/poya/.m2/repository/commons-dbcp/commons-dbcp/1.4/commons-dbcp-1.4.jar:/Users/poya/.m2/repository/commons-pool/commons-pool/1.5.4/commons-pool-1.5.4.jar:/Users/poya/.m2/repository/org/aspectj/aspectjtools/1.9.19/aspectjtools-1.9.19.jar:/Users/poya/.m2/repository/org/aspectj/aspectjweaver/1.9.19/aspectjweaver-1.9.19.jar:/Users/poya/.m2/repository/org/apache/logging/log4j/log4j-api/2.20.0/log4j-api-2.20.0.jar:/Users/poya/.m2/repository/org/apache/logging/log4j/log4j-core/2.20.0/log4j-core-2.20.0.jar:/Users/poya/.m2/repository/javax/annotation/javax.annotation-api/1.3.2/javax.annotation-api-1.3.2.jar:/Users/poya/.m2/repository/jakarta/persistence/jakarta.persistence-api/3.1.0/jakarta.persistence-api-3.1.0.jar:/Users/poya/.m2/repository/org/springframework/spring-orm/5.3.24/spring-orm-5.3.24.jar:/Users/poya/.m2/repository/org/hibernate/hibernate-core/5.4.18.Final/hibernate-core-5.4.18.Final.jar:/Users/poya/.m2/repository/org/jboss/logging/jboss-logging/3.3.2.Final/jboss-logging-3.3.2.Final.jar:/Users/poya/.m2/repository/javax/persistence/javax.persistence-api/2.2/javax.persistence-api-2.2.jar:/Users/poya/.m2/repository/org/javassist/javassist/3.24.0-GA/javassist-3.24.0-GA.jar:/Users/poya/.m2/repository/net/bytebuddy/byte-buddy/1.10.10/byte-buddy-1.10.10.jar:/Users/poya/.m2/repository/antlr/antlr/2.7.7/antlr-2.7.7.jar:/Users/poya/.m2/repository/org/jboss/spec/javax/transaction/jboss-transaction-api_1.2_spec/1.1.1.Final/jboss-transaction-api_1.2_spec-1.1.1.Final.jar:/Users/poya/.m2/repository/org/jboss/jandex/2.1.3.Final/jandex-2.1.3.Final.jar:/Users/poya/.m2/repository/com/fasterxml/classmate/1.5.1/classmate-1.5.1.jar:/Users/poya/.m2/repository/javax/activation/javax.activation-api/1.2.0/javax.activation-api-1.2.0.jar:/Users/poya/.m2/repository/org/dom4j/dom4j/2.1.3/dom4j-2.1.3.jar:/Users/poya/.m2/repository/javax/xml/bind/jaxb-api/2.3.1/jaxb-api-2.3.1.jar:/Users/poya/.m2/repository/org/glassfish/jaxb/jaxb-runtime/2.3.1/jaxb-runtime-2.3.1.jar:/Users/poya/.m2/repository/org/glassfish/jaxb/txw2/2.3.1/txw2-2.3.1.jar:/Users/poya/.m2/repository/com/sun/istack/istack-commons-runtime/3.0.7/istack-commons-runtime-3.0.7.jar:/Users/poya/.m2/repository/org/jvnet/staxex/stax-ex/1.8/stax-ex-1.8.jar:/Users/poya/.m2/repository/com/sun/xml/fastinfoset/FastInfoset/1.2.15/FastInfoset-1.2.15.jar:/Users/poya/.m2/repository/org/hibernate/hibernate-ehcache/5.4.18.Final/hibernate-ehcache-5.4.18.Final.jar:/Users/poya/.m2/repository/net/sf/ehcache/ehcache/2.10.6/ehcache-2.10.6.jar:/Users/poya/.m2/repository/org/slf4j/slf4j-api/1.7.25/slf4j-api-1.7.25.jar:/Users/poya/.m2/repository/org/hibernate/common/hibernate-commons-annotations/5.1.0.Final/hibernate-commons-annotations-5.1.0.Final.jar:/Users/poya/.m2/repository/org/hibernate/hibernate-entitymanager/5.4.18.Final/hibernate-entitymanager-5.4.18.Final.jar:/Users/poya/.m2/repository/org/hibernate/javax/persistence/hibernate-jpa-2.1-api/1.0.2.Final/hibernate-jpa-2.1-api-1.0.2.Final.jar:/Users/poya/.m2/repository/org/junit/jupiter/junit-jupiter-engine/5.9.1/junit-jupiter-engine-5.9.1.jar:/Users/poya/.m2/repository/org/junit/platform/junit-platform-engine/1.9.1/junit-platform-engine-1.9.1.jar:/Users/poya/.m2/repository/org/apiguardian/apiguardian-api/1.1.2/apiguardian-api-1.1.2.jar:/Users/poya/.m2/repository/org/junit/jupiter/junit-jupiter-api/5.9.1/junit-jupiter-api-5.9.1.jar:/Users/poya/.m2/repository/org/opentest4j/opentest4j/1.2.0/opentest4j-1.2.0.jar:/Users/poya/.m2/repository/org/junit/platform/junit-platform-commons/1.9.1/junit-platform-commons-1.9.1.jar:/Users/poya/.m2/repository/org/springframework/spring-test/5.3.24/spring-test-5.3.24.jar:"/>
    <property name="java.vm.vendor" value="Oracle Corporation"/>
    <property name="sun.arch.data.model" value="64"/>
    <property name="java.vendor.url" value="https://java.oracle.com/"/>
    <property name="user.timezone" value="Europe/Stockholm"/>
    <property name="os.name" value="Mac OS X"/>
    <property name="java.vm.specification.version" value="21"/>
    <property name="sun.java.launcher" value="SUN_STANDARD"/>
    <property name="user.country" value="GB"/>
    <property name="sun.boot.library.path" value="/Library/Java/JavaVirtualMachines/jdk-21.jdk/Contents/Home/lib"/>
    <property name="sun.java.command" value="/Users/poya/javaEnterprise/server_programming_del2/CRM System/target/surefire/surefirebooter-20241126223523245_3.jar /Users/poya/javaEnterprise/server_programming_del2/CRM System/target/surefire 2024-11-26T22-35-23_199-jvmRun1 surefire-20241126223523245_1tmp surefire_0-20241126223523245_2tmp"/>
    <property name="http.nonProxyHosts" value="local|*.local|169.254/16|*.169.254/16"/>
    <property name="jdk.debug" value="release"/>
    <property name="surefire.test.class.path" value="/Users/poya/javaEnterprise/server_programming_del2/CRM System/target/test-classes:/Users/poya/javaEnterprise/server_programming_del2/CRM System/target/classes:/Users/poya/.m2/repository/org/springframework/spring-context/5.3.28/spring-context-5.3.28.jar:/Users/poya/.m2/repository/org/springframework/spring-aop/5.3.28/spring-aop-5.3.28.jar:/Users/poya/.m2/repository/org/springframework/spring-beans/5.3.28/spring-beans-5.3.28.jar:/Users/poya/.m2/repository/org/springframework/spring-expression/5.3.28/spring-expression-5.3.28.jar:/Users/poya/.m2/repository/org/springframework/spring-core/5.3.28/spring-core-5.3.28.jar:/Users/poya/.m2/repository/org/springframework/spring-jcl/5.3.28/spring-jcl-5.3.28.jar:/Users/poya/.m2/repository/hsqldb/hsqldb/1.8.0.10/hsqldb-1.8.0.10.jar:/Users/poya/.m2/repository/org/springframework/spring-jdbc/5.3.14/spring-jdbc-5.3.14.jar:/Users/poya/.m2/repository/org/springframework/spring-tx/5.3.14/spring-tx-5.3.14.jar:/Users/poya/.m2/repository/commons-dbcp/commons-dbcp/1.4/commons-dbcp-1.4.jar:/Users/poya/.m2/repository/commons-pool/commons-pool/1.5.4/commons-pool-1.5.4.jar:/Users/poya/.m2/repository/org/aspectj/aspectjtools/1.9.19/aspectjtools-1.9.19.jar:/Users/poya/.m2/repository/org/aspectj/aspectjweaver/1.9.19/aspectjweaver-1.9.19.jar:/Users/poya/.m2/repository/org/apache/logging/log4j/log4j-api/2.20.0/log4j-api-2.20.0.jar:/Users/poya/.m2/repository/org/apache/logging/log4j/log4j-core/2.20.0/log4j-core-2.20.0.jar:/Users/poya/.m2/repository/javax/annotation/javax.annotation-api/1.3.2/javax.annotation-api-1.3.2.jar:/Users/poya/.m2/repository/jakarta/persistence/jakarta.persistence-api/3.1.0/jakarta.persistence-api-3.1.0.jar:/Users/poya/.m2/repository/org/springframework/spring-orm/5.3.24/spring-orm-5.3.24.jar:/Users/poya/.m2/repository/org/hibernate/hibernate-core/5.4.18.Final/hibernate-core-5.4.18.Final.jar:/Users/poya/.m2/repository/org/jboss/logging/jboss-logging/3.3.2.Final/jboss-logging-3.3.2.Final.jar:/Users/poya/.m2/repository/javax/persistence/javax.persistence-api/2.2/javax.persistence-api-2.2.jar:/Users/poya/.m2/repository/org/javassist/javassist/3.24.0-GA/javassist-3.24.0-GA.jar:/Users/poya/.m2/repository/net/bytebuddy/byte-buddy/1.10.10/byte-buddy-1.10.10.jar:/Users/poya/.m2/repository/antlr/antlr/2.7.7/antlr-2.7.7.jar:/Users/poya/.m2/repository/org/jboss/spec/javax/transaction/jboss-transaction-api_1.2_spec/1.1.1.Final/jboss-transaction-api_1.2_spec-1.1.1.Final.jar:/Users/poya/.m2/repository/org/jboss/jandex/2.1.3.Final/jandex-2.1.3.Final.jar:/Users/poya/.m2/repository/com/fasterxml/classmate/1.5.1/classmate-1.5.1.jar:/Users/poya/.m2/repository/javax/activation/javax.activation-api/1.2.0/javax.activation-api-1.2.0.jar:/Users/poya/.m2/repository/org/dom4j/dom4j/2.1.3/dom4j-2.1.3.jar:/Users/poya/.m2/repository/javax/xml/bind/jaxb-api/2.3.1/jaxb-api-2.3.1.jar:/Users/poya/.m2/repository/org/glassfish/jaxb/jaxb-runtime/2.3.1/jaxb-runtime-2.3.1.jar:/Users/poya/.m2/repository/org/glassfish/jaxb/txw2/2.3.1/txw2-2.3.1.jar:/Users/poya/.m2/repository/com/sun/istack/istack-commons-runtime/3.0.7/istack-commons-runtime-3.0.7.jar:/Users/poya/.m2/repository/org/jvnet/staxex/stax-ex/1.8/stax-ex-1.8.jar:/Users/poya/.m2/repository/com/sun/xml/fastinfoset/FastInfoset/1.2.15/FastInfoset-1.2.15.jar:/Users/poya/.m2/repository/org/hibernate/hibernate-ehcache/5.4.18.Final/hibernate-ehcache-5.4.18.Final.jar:/Users/poya/.m2/repository/net/sf/ehcache/ehcache/2.10.6/ehcache-2.10.6.jar:/Users/poya/.m2/repository/org/slf4j/slf4j-api/1.7.25/slf4j-api-1.7.25.jar:/Users/poya/.m2/repository/org/hibernate/common/hibernate-commons-annotations/5.1.0.Final/hibernate-commons-annotations-5.1.0.Final.jar:/Users/poya/.m2/repository/org/hibernate/hibernate-entitymanager/5.4.18.Final/hibernate-entitymanager-5.4.18.Final.jar:/Users/poya/.m2/repository/org/hibernate/javax/persistence/hibernate-jpa-2.1-api/1.0.2.Final/hibernate-jpa-2.1-api-1.0.2.Final.jar:/Users/poya/.m2/repository/org/junit/jupiter/junit-jupiter-engine/5.9.1/junit-jupiter-engine-5.9.1.jar:/Users/poya/.m2/repository/org/junit/platform/junit-platform-engine/1.9.1/junit-platform-engine-1.9.1.jar:/Users/poya/.m2/repository/org/apiguardian/apiguardian-api/1.1.2/apiguardian-api-1.1.2.jar:/Users/poya/.m2/repository/org/junit/jupiter/junit-jupiter-api/5.9.1/junit-jupiter-api-5.9.1.jar:/Users/poya/.m2/repository/org/opentest4j/opentest4j/1.2.0/opentest4j-1.2.0.jar:/Users/poya/.m2/repository/org/junit/platform/junit-platform-commons/1.9.1/junit-platform-commons-1.9.1.jar:/Users/poya/.m2/repository/org/springframework/spring-test/5.3.24/spring-test-5.3.24.jar:"/>
    <property name="sun.cpu.endian" value="little"/>
    <property name="user.home" value="/Users/poya"/>
    <property name="user.language" value="en"/>
    <property name="java.specification.vendor" value="Oracle Corporation"/>
    <property name="java.version.date" value="2024-07-16"/>
    <property name="java.home" value="/Library/Java/JavaVirtualMachines/jdk-21.jdk/Contents/Home"/>
    <property name="file.separator" value="/"/>
    <property name="basedir" value="/Users/poya/javaEnterprise/server_programming_del2/CRM System"/>
    <property name="java.vm.compressedOopsMode" value="Zero based"/>
    <property name="line.separator" value="&#10;"/>
    <property name="java.vm.specification.vendor" value="Oracle Corporation"/>
    <property name="java.specification.name" value="Java Platform API Specification"/>
    <property name="apple.awt.application.name" value="ForkedBooter"/>
    <property name="surefire.real.class.path" value="/Users/poya/javaEnterprise/server_programming_del2/CRM System/target/surefire/surefirebooter-20241126223523245_3.jar"/>
    <property name="sun.management.compiler" value="HotSpot 64-Bit Tiered Compilers"/>
    <property name="ftp.nonProxyHosts" value="local|*.local|169.254/16|*.169.254/16"/>
    <property name="java.runtime.version" value="21.0.4+8-LTS-274"/>
    <property name="user.name" value="poya"/>
    <property name="stdout.encoding" value="UTF-8"/>
    <property name="path.separator" value=":"/>
    <property name="os.version" value="15.1.1"/>
    <property name="java.runtime.name" value="Java(TM) SE Runtime Environment"/>
    <property name="file.encoding" value="UTF-8"/>
    <property name="java.vm.name" value="Java HotSpot(TM) 64-Bit Server VM"/>
    <property name="localRepository" value="/Users/poya/.m2/repository"/>
    <property name="java.vendor.url.bug" value="https://bugreport.java.com/bugreport/"/>
    <property name="java.io.tmpdir" value="/var/folders/jf/x3spmyvn0ld1lq481hnm1kxh0000gn/T/"/>
    <property name="java.version" value="21.0.4"/>
    <property name="user.dir" value="/Users/poya/javaEnterprise/server_programming_del2/CRM System"/>
    <property name="os.arch" value="aarch64"/>
    <property name="java.vm.specification.name" value="Java Virtual Machine Specification"/>
    <property name="native.encoding" value="UTF-8"/>
    <property name="java.library.path" value="/Users/poya/Library/Java/Extensions:/Library/Java/Extensions:/Network/Library/Java/Extensions:/System/Library/Java/Extensions:/usr/lib/java:."/>
    <property name="java.vm.info" value="mixed mode, sharing"/>
    <property name="stderr.encoding" value="UTF-8"/>
    <property name="java.vendor" value="Oracle Corporation"/>
    <property name="java.vm.version" value="21.0.4+8-LTS-274"/>
    <property name="sun.io.unicode.encoding" value="UnicodeBig"/>
    <property name="socksNonProxyHosts" value="local|*.local|169.254/16|*.169.254/16"/>
    <property name="java.class.version" value="65.0"/>
  </properties>
  <testcase name="testCreatingNewCustomer" classname="com.yrgo.integrationtests.CustomerManagementIntegrationTest" time="0.086">
    <system-out><![CDATA[Hibernate: drop table if exists Action CASCADE 
Hibernate: drop table if exists Customer CASCADE 
Hibernate: drop table if exists Customer_TBL_CALL CASCADE 
Hibernate: drop table if exists TBL_CALL CASCADE 
Hibernate: drop sequence hibernate_sequence if exists
Hibernate: create sequence hibernate_sequence start with 1 increment by 1
Hibernate: create table Action (actionId integer not null, complete boolean not null, details varchar(255), owningUser varchar(255), requiredBy timestamp, primary key (actionId))
Hibernate: create table Customer (customerId varchar(255) not null, companyName varchar(255), email varchar(255), notes varchar(255), telephone varchar(255), primary key (customerId))
Hibernate: create table Customer_TBL_CALL (Customer_customerId varchar(255) not null, calls_id integer not null)
Hibernate: create table TBL_CALL (id integer not null, notes varchar(255), timeAndDate timestamp, primary key (id))
Hibernate: alter table Customer_TBL_CALL add constraint UK_klici3tapu1wnmase4vwypfc4 unique (calls_id)
Hibernate: alter table Customer_TBL_CALL add constraint FKcp9vxb18jnb84qqhht8yw6qgt foreign key (calls_id) references TBL_CALL
Hibernate: alter table Customer_TBL_CALL add constraint FKd2jiq43djxj5qjwo01ilaaqoq foreign key (Customer_customerId) references Customer
Time taken for the method createfrom the class com.yrgo.dataaccess.CustomerDaoJpaImpl took 8ms
Time taken for the method newCustomerfrom the class com.yrgo.services.customers.CustomerManagementServiceProductionImpl took 10ms
Hibernate: insert into Customer (companyName, email, notes, telephone, customerId) values (?, ?, ?, ?, ?)
Time taken for the method createfrom the class com.yrgo.dataaccess.CustomerDaoJpaImpl took 0ms
Time taken for the method newCustomerfrom the class com.yrgo.services.customers.CustomerManagementServiceProductionImpl took 0ms
Hibernate: insert into Customer (companyName, email, notes, telephone, customerId) values (?, ?, ?, ?, ?)
Hibernate: select customer0_.customerId as customer1_1_, customer0_.companyName as companyn2_1_, customer0_.email as email3_1_, customer0_.notes as notes4_1_, customer0_.telephone as telephon5_1_ from Customer customer0_
Time taken for the method getAllCustomersfrom the class com.yrgo.dataaccess.CustomerDaoJpaImpl took 35ms
Time taken for the method getAllCustomersfrom the class com.yrgo.services.customers.CustomerManagementServiceProductionImpl took 35ms
]]></system-out>
  </testcase>
  <testcase name="testFindingExistingCustomer" classname="com.yrgo.integrationtests.CustomerManagementIntegrationTest" time="0.007">
    <system-out><![CDATA[Time taken for the method createfrom the class com.yrgo.dataaccess.CustomerDaoJpaImpl took 0ms
Time taken for the method newCustomerfrom the class com.yrgo.services.customers.CustomerManagementServiceProductionImpl took 0ms
Hibernate: insert into Customer (companyName, email, notes, telephone, customerId) values (?, ?, ?, ?, ?)
Hibernate: select customer0_.customerId as customer1_1_, customer0_.companyName as companyn2_1_, customer0_.email as email3_1_, customer0_.notes as notes4_1_, customer0_.telephone as telephon5_1_ from Customer customer0_ where customer0_.customerId=?
Time taken for the method getByIdfrom the class com.yrgo.dataaccess.CustomerDaoJpaImpl took 3ms
Time taken for the method findCustomerByIdfrom the class com.yrgo.services.customers.CustomerManagementServiceProductionImpl took 4ms
]]></system-out>
  </testcase>
</testsuite>